c:\users\ethan smith\source\repos\raytracer\x64\release\vc143.pdb
c:\users\ethan smith\source\repos\raytracer\x64\release\scenereader.obj
c:\users\ethan smith\source\repos\raytracer\x64\release\scene.obj
c:\users\ethan smith\source\repos\raytracer\x64\release\raytracermain.obj
c:\users\ethan smith\source\repos\raytracer\x64\release\pointlightsource.obj
c:\users\ethan smith\source\repos\raytracer\x64\release\point.obj
c:\users\ethan smith\source\repos\raytracer\x64\release\plane.obj
c:\users\ethan smith\source\repos\raytracer\x64\release\pinholecamera.obj
c:\users\ethan smith\source\repos\raytracer\x64\release\object.obj
c:\users\ethan smith\source\repos\raytracer\x64\release\normal.obj
c:\users\ethan smith\source\repos\raytracer\x64\release\matrix.obj
c:\users\ethan smith\source\repos\raytracer\x64\release\material.obj
c:\users\ethan smith\source\repos\raytracer\x64\release\lightsource.obj
c:\users\ethan smith\source\repos\raytracer\x64\release\imagedisplay.obj
c:\users\ethan smith\source\repos\raytracer\x64\release\directionallightsource.obj
c:\users\ethan smith\source\repos\raytracer\x64\release\direction.obj
c:\users\ethan smith\source\repos\raytracer\x64\release\cylinder.obj
c:\users\ethan smith\source\repos\raytracer\x64\release\cube.obj
c:\users\ethan smith\source\repos\raytracer\x64\release\colour.obj
c:\users\ethan smith\source\repos\raytracer\x64\release\camera.obj
c:\users\ethan smith\source\repos\raytracer\x64\release\ambientlightsource.obj
c:\users\ethan smith\source\repos\raytracer\x64\release\vector.obj
c:\users\ethan smith\source\repos\raytracer\x64\release\utility.obj
c:\users\ethan smith\source\repos\raytracer\x64\release\transform.obj
c:\users\ethan smith\source\repos\raytracer\x64\release\torus.obj
c:\users\ethan smith\source\repos\raytracer\x64\release\sphere.obj
c:\users\ethan smith\source\repos\raytracer\x64\release\raytracer.ipdb
c:\users\ethan smith\source\repos\raytracer\x64\release\raytracer.iobj
c:\users\ethan smith\source\repos\raytracer\x64\release\raytracer.exe
c:\users\ethan smith\source\repos\raytracer\x64\release\raytracer.pdb
c:\users\ethan smith\source\repos\raytracer\x64\release\raytracer.tlog\cl.command.1.tlog
c:\users\ethan smith\source\repos\raytracer\x64\release\raytracer.tlog\cl.items.tlog
c:\users\ethan smith\source\repos\raytracer\x64\release\raytracer.tlog\cl.read.1.tlog
c:\users\ethan smith\source\repos\raytracer\x64\release\raytracer.tlog\cl.write.1.tlog
c:\users\ethan smith\source\repos\raytracer\x64\release\raytracer.tlog\link.command.1.tlog
c:\users\ethan smith\source\repos\raytracer\x64\release\raytracer.tlog\link.read.1.tlog
c:\users\ethan smith\source\repos\raytracer\x64\release\raytracer.tlog\link.write.1.tlog
c:\users\ethan smith\source\repos\raytracer\x64\release\raytracer.tlog\link.write.2u.tlog
